<?xml version="1.0" encoding="UTF-8"?>
<coverage generated="1617824564552" clover="3.2.0">
  <project timestamp="1617824564552" name="All files">
    <metrics statements="27" coveredstatements="6" conditionals="12" coveredconditionals="2" methods="10" coveredmethods="2" elements="49" coveredelements="10" complexity="0" loc="27" ncloc="27" packages="1" files="3" classes="3"/>
    <file name="Game.js" path="C:\Users\Merve\Desktop\odev05\src\client\Game.js">
      <metrics statements="22" coveredstatements="6" conditionals="12" coveredconditionals="2" methods="7" coveredmethods="2"/>
      <line num="8" count="3" type="stmt"/>
      <line num="9" count="3" type="stmt"/>
      <line num="18" count="3" type="stmt"/>
      <line num="19" count="0" type="stmt"/>
      <line num="21" count="0" type="cond" truecount="0" falsecount="2"/>
      <line num="22" count="0" type="stmt"/>
      <line num="25" count="0" type="cond" truecount="0" falsecount="2"/>
      <line num="26" count="0" type="stmt"/>
      <line num="27" count="0" type="stmt"/>
      <line num="29" count="0" type="stmt"/>
      <line num="30" count="0" type="cond" truecount="0" falsecount="2"/>
      <line num="31" count="0" type="stmt"/>
      <line num="36" count="0" type="stmt"/>
      <line num="42" count="0" type="cond" truecount="0" falsecount="2"/>
      <line num="43" count="0" type="stmt"/>
      <line num="50" count="3" type="stmt"/>
      <line num="51" count="0" type="stmt"/>
      <line num="62" count="3" type="stmt"/>
      <line num="63" count="3" type="stmt"/>
      <line num="67" count="0" type="stmt"/>
      <line num="68" count="0" type="stmt"/>
      <line num="69" count="0" type="stmt"/>
    </file>
    <file name="home.js" path="C:\Users\Merve\Desktop\odev05\src\client\home.js">
      <metrics statements="1" coveredstatements="0" conditionals="0" coveredconditionals="0" methods="1" coveredmethods="0"/>
      <line num="6" count="0" type="stmt"/>
    </file>
    <file name="index.js" path="C:\Users\Merve\Desktop\odev05\src\client\index.js">
      <metrics statements="4" coveredstatements="0" conditionals="0" coveredconditionals="0" methods="2" coveredmethods="0"/>
      <line num="8" count="0" type="stmt"/>
      <line num="9" count="0" type="stmt"/>
      <line num="23" count="0" type="stmt"/>
      <line num="38" count="0" type="stmt"/>
    </file>
  </project>
</coverage>
