{"C:\\Users\\Merve\\Desktop\\odev05\\src\\client\\Game.js": {"path":"C:\\Users\\Merve\\Desktop\\odev05\\src\\client\\Game.js","statementMap":{"0":{"start":{"line":8,"column":8},"end":{"line":8,"column":21}},"1":{"start":{"line":9,"column":8},"end":{"line":15,"column":9}},"2":{"start":{"line":18,"column":12},"end":{"line":48,"column":5}},"3":{"start":{"line":19,"column":49},"end":{"line":19,"column":59}},"4":{"start":{"line":21,"column":8},"end":{"line":47,"column":9}},"5":{"start":{"line":22,"column":29},"end":{"line":22,"column":38}},"6":{"start":{"line":25,"column":12},"end":{"line":33,"column":13}},"7":{"start":{"line":26,"column":16},"end":{"line":26,"column":53}},"8":{"start":{"line":27,"column":16},"end":{"line":27,"column":39}},"9":{"start":{"line":29,"column":16},"end":{"line":29,"column":53}},"10":{"start":{"line":30,"column":16},"end":{"line":32,"column":17}},"11":{"start":{"line":31,"column":21},"end":{"line":31,"column":44}},"12":{"start":{"line":36,"column":12},"end":{"line":40,"column":15}},"13":{"start":{"line":42,"column":12},"end":{"line":46,"column":13}},"14":{"start":{"line":43,"column":16},"end":{"line":45,"column":18}},"15":{"start":{"line":50,"column":15},"end":{"line":58,"column":5}},"16":{"start":{"line":51,"column":8},"end":{"line":57,"column":10}},"17":{"start":{"line":62,"column":31},"end":{"line":62,"column":41}},"18":{"start":{"line":63,"column":8},"end":{"line":77,"column":10}},"19":{"start":{"line":67,"column":66},"end":{"line":67,"column":79}},"20":{"start":{"line":68,"column":66},"end":{"line":68,"column":79}},"21":{"start":{"line":69,"column":66},"end":{"line":69,"column":79}}},"fnMap":{"0":{"name":"(anonymous_0)","decl":{"start":{"line":7,"column":4},"end":{"line":7,"column":5}},"loc":{"start":{"line":7,"column":23},"end":{"line":16,"column":5}},"line":7},"1":{"name":"(anonymous_1)","decl":{"start":{"line":18,"column":12},"end":{"line":18,"column":13}},"loc":{"start":{"line":18,"column":24},"end":{"line":48,"column":5}},"line":18},"2":{"name":"(anonymous_2)","decl":{"start":{"line":50,"column":15},"end":{"line":50,"column":16}},"loc":{"start":{"line":50,"column":21},"end":{"line":58,"column":5}},"line":50},"3":{"name":"(anonymous_3)","decl":{"start":{"line":61,"column":4},"end":{"line":61,"column":5}},"loc":{"start":{"line":61,"column":13},"end":{"line":78,"column":5}},"line":61},"4":{"name":"(anonymous_4)","decl":{"start":{"line":67,"column":61},"end":{"line":67,"column":62}},"loc":{"start":{"line":67,"column":65},"end":{"line":67,"column":80}},"line":67},"5":{"name":"(anonymous_5)","decl":{"start":{"line":68,"column":61},"end":{"line":68,"column":62}},"loc":{"start":{"line":68,"column":65},"end":{"line":68,"column":80}},"line":68},"6":{"name":"(anonymous_6)","decl":{"start":{"line":69,"column":61},"end":{"line":69,"column":62}},"loc":{"start":{"line":69,"column":65},"end":{"line":69,"column":80}},"line":69}},"branchMap":{"0":{"loc":{"start":{"line":21,"column":8},"end":{"line":47,"column":9}},"type":"if","locations":[{"start":{"line":21,"column":8},"end":{"line":47,"column":9}},{"start":{"line":21,"column":8},"end":{"line":47,"column":9}}],"line":21},"1":{"loc":{"start":{"line":25,"column":12},"end":{"line":33,"column":13}},"type":"if","locations":[{"start":{"line":25,"column":12},"end":{"line":33,"column":13}},{"start":{"line":25,"column":12},"end":{"line":33,"column":13}}],"line":25},"2":{"loc":{"start":{"line":30,"column":16},"end":{"line":32,"column":17}},"type":"if","locations":[{"start":{"line":30,"column":16},"end":{"line":32,"column":17}},{"start":{"line":30,"column":16},"end":{"line":32,"column":17}}],"line":30},"3":{"loc":{"start":{"line":42,"column":12},"end":{"line":46,"column":13}},"type":"if","locations":[{"start":{"line":42,"column":12},"end":{"line":46,"column":13}},{"start":{"line":42,"column":12},"end":{"line":46,"column":13}}],"line":42},"4":{"loc":{"start":{"line":71,"column":24},"end":{"line":71,"column":92}},"type":"cond-expr","locations":[{"start":{"line":71,"column":30},"end":{"line":71,"column":35}},{"start":{"line":71,"column":36},"end":{"line":71,"column":92}}],"line":71},"5":{"loc":{"start":{"line":72,"column":21},"end":{"line":74,"column":24}},"type":"binary-expr","locations":[{"start":{"line":72,"column":21},"end":{"line":72,"column":26}},{"start":{"line":72,"column":30},"end":{"line":74,"column":24}}],"line":72}},"s":{"0":3,"1":3,"2":3,"3":0,"4":0,"5":0,"6":0,"7":0,"8":0,"9":0,"10":0,"11":0,"12":0,"13":0,"14":0,"15":3,"16":0,"17":3,"18":3,"19":0,"20":0,"21":0},"f":{"0":3,"1":0,"2":0,"3":3,"4":0,"5":0,"6":0},"b":{"0":[0,0],"1":[0,0],"2":[0,0],"3":[0,0],"4":[0,3],"5":[3,0]},"_coverageSchema":"1a1c01bbd47fc00a2c39e90264f33305004495a9","hash":"5cf979b17408915dcd581e89316d400ce1828e34"}
,"C:\\Users\\Merve\\Desktop\\odev05\\src\\client\\home.js": {"path":"C:\\Users\\Merve\\Desktop\\odev05\\src\\client\\home.js","statementMap":{"0":{"start":{"line":6,"column":8},"end":{"line":15,"column":10}}},"fnMap":{"0":{"name":"(anonymous_0)","decl":{"start":{"line":5,"column":4},"end":{"line":5,"column":5}},"loc":{"start":{"line":5,"column":12},"end":{"line":16,"column":5}},"line":5}},"branchMap":{},"s":{"0":0},"f":{"0":0},"b":{}}
,"C:\\Users\\Merve\\Desktop\\odev05\\src\\client\\index.js": {"path":"C:\\Users\\Merve\\Desktop\\odev05\\src\\client\\index.js","statementMap":{"0":{"start":{"line":8,"column":17},"end":{"line":18,"column":1}},"1":{"start":{"line":9,"column":4},"end":{"line":17,"column":5}},"2":{"start":{"line":23,"column":8},"end":{"line":33,"column":10}},"3":{"start":{"line":38,"column":0},"end":{"line":38,"column":56}}},"fnMap":{"0":{"name":"(anonymous_0)","decl":{"start":{"line":8,"column":17},"end":{"line":8,"column":18}},"loc":{"start":{"line":8,"column":23},"end":{"line":18,"column":1}},"line":8},"1":{"name":"(anonymous_1)","decl":{"start":{"line":22,"column":4},"end":{"line":22,"column":5}},"loc":{"start":{"line":22,"column":13},"end":{"line":34,"column":5}},"line":22}},"branchMap":{},"s":{"0":0,"1":0,"2":0,"3":0},"f":{"0":0,"1":0},"b":{}}
}
