TN:
SF:src\client\Game.js
FN:7,(anonymous_0)
FN:18,(anonymous_1)
FN:50,(anonymous_2)
FN:61,(anonymous_3)
FN:67,(anonymous_4)
FN:68,(anonymous_5)
FN:69,(anonymous_6)
FNF:7
FNH:2
FNDA:3,(anonymous_0)
FNDA:0,(anonymous_1)
FNDA:0,(anonymous_2)
FNDA:3,(anonymous_3)
FNDA:0,(anonymous_4)
FNDA:0,(anonymous_5)
FNDA:0,(anonymous_6)
DA:8,3
DA:9,3
DA:18,3
DA:19,0
DA:21,0
DA:22,0
DA:25,0
DA:26,0
DA:27,0
DA:29,0
DA:30,0
DA:31,0
DA:36,0
DA:42,0
DA:43,0
DA:50,3
DA:51,0
DA:62,3
DA:63,3
DA:67,0
DA:68,0
DA:69,0
LF:22
LH:6
BRDA:21,0,0,0
BRDA:21,0,1,0
BRDA:25,1,0,0
BRDA:25,1,1,0
BRDA:30,2,0,0
BRDA:30,2,1,0
BRDA:42,3,0,0
BRDA:42,3,1,0
BRDA:71,4,0,0
BRDA:71,4,1,3
BRDA:72,5,0,3
BRDA:72,5,1,0
BRF:12
BRH:2
end_of_record
TN:
SF:src\client\home.js
FN:5,(anonymous_0)
FNF:1
FNH:0
FNDA:0,(anonymous_0)
DA:6,0
LF:1
LH:0
BRF:0
BRH:0
end_of_record
TN:
SF:src\client\index.js
FN:8,(anonymous_0)
FN:22,(anonymous_1)
FNF:2
FNH:0
FNDA:0,(anonymous_0)
FNDA:0,(anonymous_1)
DA:8,0
DA:9,0
DA:23,0
DA:38,0
LF:4
LH:0
BRF:0
BRH:0
end_of_record
