<?xml version="1.0" encoding="UTF-8"?>
<coverage generated="1617031823373" clover="3.2.0">
  <project timestamp="1617031823373" name="All files">
    <metrics statements="24" coveredstatements="16" conditionals="12" coveredconditionals="6" methods="8" coveredmethods="5" elements="44" coveredelements="27" complexity="0" loc="24" ncloc="24" packages="1" files="2" classes="2"/>
    <file name="Game.js" path="C:\Users\Merve\Desktop\odev04\src\Game.js">
      <metrics statements="22" coveredstatements="16" conditionals="12" coveredconditionals="6" methods="7" coveredmethods="5"/>
      <line num="7" count="3" type="stmt"/>
      <line num="8" count="3" type="stmt"/>
      <line num="17" count="3" type="stmt"/>
      <line num="18" count="2" type="stmt"/>
      <line num="20" count="2" type="cond" truecount="1" falsecount="1"/>
      <line num="21" count="2" type="stmt"/>
      <line num="24" count="2" type="cond" truecount="1" falsecount="1"/>
      <line num="25" count="0" type="stmt"/>
      <line num="26" count="0" type="stmt"/>
      <line num="28" count="2" type="stmt"/>
      <line num="29" count="2" type="cond" truecount="1" falsecount="1"/>
      <line num="30" count="0" type="stmt"/>
      <line num="35" count="2" type="stmt"/>
      <line num="41" count="2" type="cond" truecount="1" falsecount="1"/>
      <line num="42" count="0" type="stmt"/>
      <line num="49" count="3" type="stmt"/>
      <line num="50" count="0" type="stmt"/>
      <line num="61" count="5" type="stmt"/>
      <line num="62" count="5" type="stmt"/>
      <line num="66" count="0" type="stmt"/>
      <line num="67" count="1" type="stmt"/>
      <line num="68" count="1" type="stmt"/>
    </file>
    <file name="index.js" path="C:\Users\Merve\Desktop\odev04\src\index.js">
      <metrics statements="2" coveredstatements="0" conditionals="0" coveredconditionals="0" methods="1" coveredmethods="0"/>
      <line num="9" count="0" type="stmt"/>
      <line num="17" count="0" type="stmt"/>
    </file>
  </project>
</coverage>
