{"C:\\Users\\Merve\\Desktop\\odev04\\src\\Game.js": {"path":"C:\\Users\\Merve\\Desktop\\odev04\\src\\Game.js","statementMap":{"0":{"start":{"line":7,"column":8},"end":{"line":7,"column":21}},"1":{"start":{"line":8,"column":8},"end":{"line":14,"column":9}},"2":{"start":{"line":17,"column":12},"end":{"line":47,"column":5}},"3":{"start":{"line":18,"column":49},"end":{"line":18,"column":59}},"4":{"start":{"line":20,"column":8},"end":{"line":46,"column":9}},"5":{"start":{"line":21,"column":29},"end":{"line":21,"column":38}},"6":{"start":{"line":24,"column":12},"end":{"line":32,"column":13}},"7":{"start":{"line":25,"column":16},"end":{"line":25,"column":53}},"8":{"start":{"line":26,"column":16},"end":{"line":26,"column":39}},"9":{"start":{"line":28,"column":16},"end":{"line":28,"column":53}},"10":{"start":{"line":29,"column":16},"end":{"line":31,"column":17}},"11":{"start":{"line":30,"column":21},"end":{"line":30,"column":44}},"12":{"start":{"line":35,"column":12},"end":{"line":39,"column":15}},"13":{"start":{"line":41,"column":12},"end":{"line":45,"column":13}},"14":{"start":{"line":42,"column":16},"end":{"line":44,"column":18}},"15":{"start":{"line":49,"column":15},"end":{"line":57,"column":5}},"16":{"start":{"line":50,"column":8},"end":{"line":56,"column":10}},"17":{"start":{"line":61,"column":31},"end":{"line":61,"column":41}},"18":{"start":{"line":62,"column":8},"end":{"line":76,"column":10}},"19":{"start":{"line":66,"column":66},"end":{"line":66,"column":79}},"20":{"start":{"line":67,"column":66},"end":{"line":67,"column":79}},"21":{"start":{"line":68,"column":66},"end":{"line":68,"column":79}}},"fnMap":{"0":{"name":"(anonymous_0)","decl":{"start":{"line":6,"column":4},"end":{"line":6,"column":5}},"loc":{"start":{"line":6,"column":23},"end":{"line":15,"column":5}},"line":6},"1":{"name":"(anonymous_1)","decl":{"start":{"line":17,"column":12},"end":{"line":17,"column":13}},"loc":{"start":{"line":17,"column":24},"end":{"line":47,"column":5}},"line":17},"2":{"name":"(anonymous_2)","decl":{"start":{"line":49,"column":15},"end":{"line":49,"column":16}},"loc":{"start":{"line":49,"column":21},"end":{"line":57,"column":5}},"line":49},"3":{"name":"(anonymous_3)","decl":{"start":{"line":60,"column":4},"end":{"line":60,"column":5}},"loc":{"start":{"line":60,"column":13},"end":{"line":77,"column":5}},"line":60},"4":{"name":"(anonymous_4)","decl":{"start":{"line":66,"column":61},"end":{"line":66,"column":62}},"loc":{"start":{"line":66,"column":65},"end":{"line":66,"column":80}},"line":66},"5":{"name":"(anonymous_5)","decl":{"start":{"line":67,"column":61},"end":{"line":67,"column":62}},"loc":{"start":{"line":67,"column":65},"end":{"line":67,"column":80}},"line":67},"6":{"name":"(anonymous_6)","decl":{"start":{"line":68,"column":61},"end":{"line":68,"column":62}},"loc":{"start":{"line":68,"column":65},"end":{"line":68,"column":80}},"line":68}},"branchMap":{"0":{"loc":{"start":{"line":20,"column":8},"end":{"line":46,"column":9}},"type":"if","locations":[{"start":{"line":20,"column":8},"end":{"line":46,"column":9}},{"start":{"line":20,"column":8},"end":{"line":46,"column":9}}],"line":20},"1":{"loc":{"start":{"line":24,"column":12},"end":{"line":32,"column":13}},"type":"if","locations":[{"start":{"line":24,"column":12},"end":{"line":32,"column":13}},{"start":{"line":24,"column":12},"end":{"line":32,"column":13}}],"line":24},"2":{"loc":{"start":{"line":29,"column":16},"end":{"line":31,"column":17}},"type":"if","locations":[{"start":{"line":29,"column":16},"end":{"line":31,"column":17}},{"start":{"line":29,"column":16},"end":{"line":31,"column":17}}],"line":29},"3":{"loc":{"start":{"line":41,"column":12},"end":{"line":45,"column":13}},"type":"if","locations":[{"start":{"line":41,"column":12},"end":{"line":45,"column":13}},{"start":{"line":41,"column":12},"end":{"line":45,"column":13}}],"line":41},"4":{"loc":{"start":{"line":70,"column":24},"end":{"line":70,"column":92}},"type":"cond-expr","locations":[{"start":{"line":70,"column":30},"end":{"line":70,"column":35}},{"start":{"line":70,"column":36},"end":{"line":70,"column":92}}],"line":70},"5":{"loc":{"start":{"line":71,"column":21},"end":{"line":73,"column":24}},"type":"binary-expr","locations":[{"start":{"line":71,"column":21},"end":{"line":71,"column":26}},{"start":{"line":71,"column":30},"end":{"line":73,"column":24}}],"line":71}},"s":{"0":3,"1":3,"2":3,"3":2,"4":2,"5":2,"6":2,"7":0,"8":0,"9":2,"10":2,"11":0,"12":2,"13":2,"14":0,"15":3,"16":0,"17":5,"18":5,"19":0,"20":1,"21":1},"f":{"0":3,"1":2,"2":0,"3":5,"4":0,"5":1,"6":1},"b":{"0":[2,0],"1":[0,2],"2":[0,2],"3":[0,2],"4":[0,5],"5":[5,0]},"_coverageSchema":"1a1c01bbd47fc00a2c39e90264f33305004495a9","hash":"4a6e289ca4fc2cc899a07bc92552655ee1cc30f4"}
,"C:\\Users\\Merve\\Desktop\\odev04\\src\\index.js": {"path":"C:\\Users\\Merve\\Desktop\\odev04\\src\\index.js","statementMap":{"0":{"start":{"line":9,"column":8},"end":{"line":13,"column":9}},"1":{"start":{"line":17,"column":0},"end":{"line":17,"column":56}}},"fnMap":{"0":{"name":"(anonymous_0)","decl":{"start":{"line":8,"column":4},"end":{"line":8,"column":5}},"loc":{"start":{"line":8,"column":13},"end":{"line":14,"column":5}},"line":8}},"branchMap":{},"s":{"0":0,"1":0},"f":{"0":0},"b":{}}
}
