TN:
SF:src\Game.js
FN:6,(anonymous_0)
FN:17,(anonymous_1)
FN:49,(anonymous_2)
FN:60,(anonymous_3)
FN:66,(anonymous_4)
FN:67,(anonymous_5)
FN:68,(anonymous_6)
FNF:7
FNH:5
FNDA:3,(anonymous_0)
FNDA:2,(anonymous_1)
FNDA:0,(anonymous_2)
FNDA:5,(anonymous_3)
FNDA:0,(anonymous_4)
FNDA:1,(anonymous_5)
FNDA:1,(anonymous_6)
DA:7,3
DA:8,3
DA:17,3
DA:18,2
DA:20,2
DA:21,2
DA:24,2
DA:25,0
DA:26,0
DA:28,2
DA:29,2
DA:30,0
DA:35,2
DA:41,2
DA:42,0
DA:49,3
DA:50,0
DA:61,5
DA:62,5
DA:66,0
DA:67,1
DA:68,1
LF:22
LH:16
BRDA:20,0,0,2
BRDA:20,0,1,0
BRDA:24,1,0,0
BRDA:24,1,1,2
BRDA:29,2,0,0
BRDA:29,2,1,2
BRDA:41,3,0,0
BRDA:41,3,1,2
BRDA:70,4,0,0
BRDA:70,4,1,5
BRDA:71,5,0,5
BRDA:71,5,1,0
BRF:12
BRH:6
end_of_record
TN:
SF:src\index.js
FN:8,(anonymous_0)
FNF:1
FNH:0
FNDA:0,(anonymous_0)
DA:9,0
DA:17,0
LF:2
LH:0
BRF:0
BRH:0
end_of_record
